2025-11-11T02:28:22.000Z - info: [ui] [AppStore] loading 1 repositories from store
2025-11-11T02:28:22.008Z - info: [ui] [AppStore] found account: nathanmiller14 (nathanmiller14)
2025-11-11T02:28:22.063Z - info: [ui] [BranchPruner] Last prune took place 6 hours ago - skipping
2025-11-11T02:28:22.514Z - info: [ui] launching: 3.4.13-linux1 (Linux 6.12.57)
2025-11-11T02:28:22.515Z - info: [ui] execPath: '/nix/store/1d2cdjqrywiy98dpa1dxfspwd46lfl67-github-desktop-3.4.13/opt/github-desktop'
2025-11-11T02:28:22.877Z - info: [ui] Subscribed 'nathanmiller14' to Alive channel
2025-11-11T02:28:22.931Z - info: [ui] Stats reported.
2025-11-11T02:28:25.984Z - info: [ui] credential-helper: found GitHub credential for https://github.com/ in store
2025-11-11T02:28:26.889Z - info: [ui] credential-helper: found GitHub credential for https://github.com/ in store
2025-11-11T02:28:36.259Z - info: [ui] credential-helper: found GitHub credential for https://github.com/ in store
2025-11-11T02:28:36.781Z - info: [ui] Executing fetch: git fetch --progress --prune --recurse-submodules=on-demand origin (took 1.257s)
2025-11-11T02:28:36.988Z - info: [ui] credential-helper: found GitHub credential for https://github.com/ in store
2025-11-11T02:29:04.701Z - info: [ui] [Timing] Action 'create commit' for 'nathanmiller14/obsidian' took 0.125s
2025-11-11T02:29:07.480Z - info: [ui] credential-helper: found GitHub credential for https://github.com/ in store
2025-11-11T02:29:08.101Z - info: [ui] credential-helper: found GitHub credential for https://github.com/ in store
2025-11-11T02:29:08.603Z - info: [ui] credential-helper: found GitHub credential for https://github.com/ in store
2025-11-11T15:37:44.236Z - info: [ui] [AppStore] loading 1 repositories from store
2025-11-11T15:37:44.240Z - info: [ui] [AppStore] found account: nathanmiller14 (nathanmiller14)
2025-11-11T15:37:44.292Z - info: [ui] [BranchPruner] Last prune took place 19 hours ago - skipping
2025-11-11T15:37:44.895Z - info: [ui] Subscribed 'nathanmiller14' to Alive channel
2025-11-11T15:37:44.926Z - info: [ui] launching: 3.4.13-linux1 (Linux 6.12.57)
2025-11-11T15:37:44.927Z - info: [ui] execPath: '/nix/store/1d2cdjqrywiy98dpa1dxfspwd46lfl67-github-desktop-3.4.13/opt/github-desktop'
2025-11-11T15:38:00.123Z - info: [ui] [Timing] Action 'create commit' for 'nathanmiller14/obsidian' took 0.091s
2025-11-11T15:38:01.338Z - info: [ui] credential-helper: found GitHub credential for https://github.com/ in store
2025-11-11T15:38:02.178Z - info: [ui] credential-helper: found GitHub credential for https://github.com/ in store
2025-11-11T15:38:02.564Z - info: [ui] credential-helper: found GitHub credential for https://github.com/ in store
2025-11-11T20:31:01.558Z - info: [ui] [AppStore] loading 1 repositories from store
2025-11-11T20:31:01.566Z - info: [ui] [AppStore] found account: nathanmiller14 (nathanmiller14)
2025-11-11T20:31:01.620Z - info: [ui] [BranchPruner] Last prune took place yesterday - skipping
2025-11-11T20:31:02.178Z - info: [ui] Subscribed 'nathanmiller14' to Alive channel
2025-11-11T20:31:02.181Z - info: [ui] launching: 3.4.13-linux1 (Linux 6.12.57)
2025-11-11T20:31:02.182Z - info: [ui] execPath: '/nix/store/1d2cdjqrywiy98dpa1dxfspwd46lfl67-github-desktop-3.4.13/opt/github-desktop'
2025-11-11T20:31:23.750Z - info: [ui] credential-helper: found GitHub credential for https://github.com/ in store
2025-11-11T20:31:24.151Z - info: [ui] credential-helper: found GitHub credential for https://github.com/ in store
2025-11-11T20:32:11.178Z - info: [ui] No submodules found. Skipping "git submodule status"
2025-11-11T20:33:32.704Z - info: [ui] No submodules found. Skipping "git submodule status"
2025-11-11T20:35:50.354Z - info: [ui] [Timing] Action 'create commit' for 'nathanmiller14/obsidian' took 0.120s
2025-11-11T20:35:51.895Z - info: [ui] credential-helper: found GitHub credential for https://github.com/ in store
2025-11-11T20:35:52.658Z - info: [ui] credential-helper: found GitHub credential for https://github.com/ in store
2025-11-11T20:35:53.031Z - info: [ui] credential-helper: found GitHub credential for https://github.com/ in store
