2025-11-10T20:09:16.940Z - info: [ui] [AppStore] loading 0 repositories from store
2025-11-10T20:09:16.957Z - info: [ui] [Welcome] no sign in step found. ignoring...
2025-11-10T20:09:16.995Z - info: [ui] launching: 3.4.13-linux1 (Linux 6.12.57)
2025-11-10T20:09:17.002Z - info: [ui] execPath: '/nix/store/1d2cdjqrywiy98dpa1dxfspwd46lfl67-github-desktop-3.4.13/opt/github-desktop'
2025-11-10T20:09:17.002Z - info: [ui] [Welcome] no sign in step found. ignoring...
2025-11-10T20:09:17.009Z - info: [ui] [Welcome] no sign in step found. ignoring...
2025-11-10T20:09:17.013Z - info: [ui] [Welcome] no sign in step found. ignoring...
2025-11-10T20:09:17.024Z - info: [ui] [Welcome] no sign in step found. ignoring...
2025-11-10T20:09:17.335Z - info: [ui] Opt in reported.
2025-11-10T20:09:20.313Z - info: [ui] [Welcome] no sign in step found. ignoring...
2025-11-10T20:09:20.512Z - info: [ui] [Welcome] no sign in step found. ignoring...
2025-11-10T20:09:20.678Z - info: [ui] [Welcome] no sign in step found. ignoring...
2025-11-10T20:09:20.774Z - info: [ui] [Welcome] no sign in step found. ignoring...
2025-11-10T20:52:17.458Z - info: [ui] [AppStore] loading 0 repositories from store
2025-11-10T20:52:17.479Z - info: [ui] [Welcome] no sign in step found. ignoring...
2025-11-10T20:52:17.508Z - info: [ui] launching: 3.4.13-linux1 (Linux 6.12.57)
2025-11-10T20:52:17.510Z - info: [ui] execPath: '/nix/store/1d2cdjqrywiy98dpa1dxfspwd46lfl67-github-desktop-3.4.13/opt/github-desktop'
2025-11-10T20:52:17.510Z - info: [ui] [Welcome] no sign in step found. ignoring...
2025-11-10T20:52:17.520Z - info: [ui] [Welcome] no sign in step found. ignoring...
2025-11-10T20:52:17.534Z - info: [ui] [Welcome] no sign in step found. ignoring...
2025-11-10T20:52:17.586Z - info: [ui] [Welcome] no sign in step found. ignoring...
2025-11-10T20:52:17.604Z - info: [ui] [Welcome] no sign in step found. ignoring...
2025-11-10T20:52:19.081Z - info: [ui] [Welcome] advancing to step: SignInToDotComWithBrowser
2025-11-10T20:52:19.081Z - info: [ui] [SignInStore] initializing OAuth flow
2025-11-10T20:52:19.085Z - info: [main] opening in browser: https://github.com/login/oauth/authorize?client_id=3a723b10ac5575cc5bb9&scope=repo%20user%20workflow&state=4e0968d6-1ada-428a-a000-aa20058236a0
2025-11-10T20:52:19.085Z - info: [ui] [Welcome] current sign in state not found. ignoring...
2025-11-10T20:52:20.291Z - info: [ui] [Welcome] kind Authentication is the same as Authentication. ignoring...
2025-11-10T20:52:36.707Z - info: [main] Received possible protocol arguments: 4
2025-11-10T20:52:36.707Z - info: [main] Processing protocol url
2025-11-10T20:52:36.715Z - info: [ui] [Welcome] kind Authentication is the same as Authentication. ignoring...
2025-11-10T20:52:36.790Z - info: [main] Received possible protocol arguments: 2
2025-11-10T20:52:36.793Z - info: [main] Processing protocol url
2025-11-10T20:52:37.540Z - info: [ui] [SignInStore] account resolved
2025-11-10T20:52:37.541Z - info: [ui] [AppStore] adding account nathanmiller14 (nathanmiller14) to store
2025-11-10T20:52:37.541Z - info: [ui] [Welcome] advancing to step: ConfigureGit
2025-11-10T20:52:37.592Z - info: [ui] [Welcome] no sign in step found. ignoring...
2025-11-10T20:52:43.475Z - error: [ui] Error adding account 'nathanmiller14'
Error: Cannot create an item in a locked collection
2025-11-10T20:52:43.475Z - info: [ui] [Welcome] no sign in step found. ignoring...
2025-11-10T20:52:45.391Z - info: [ui] [Welcome] no sign in step found. ignoring...
2025-11-10T20:53:06.510Z - info: [ui] [SignInStore] initializing OAuth flow
2025-11-10T20:53:06.518Z - info: [main] opening in browser: https://github.com/login/oauth/authorize?client_id=3a723b10ac5575cc5bb9&scope=repo%20user%20workflow&state=7bcbf9c3-a3ba-4dfe-8bb8-7cd11db5b5ce
2025-11-10T20:53:10.356Z - info: [main] Received possible protocol arguments: 4
2025-11-10T20:53:10.356Z - info: [main] Processing protocol url
2025-11-10T20:53:10.442Z - info: [main] Received possible protocol arguments: 2
2025-11-10T20:53:10.447Z - info: [main] Processing protocol url
2025-11-10T20:53:11.004Z - info: [ui] [SignInStore] account resolved
2025-11-10T20:53:11.004Z - info: [ui] [AppStore] adding account nathanmiller14 (nathanmiller14) to store
2025-11-10T20:53:15.853Z - info: [ui] Subscribed 'nathanmiller14' to Alive channel
2025-11-10T20:53:32.629Z - info: [ui] credential-helper: found GitHub credential for https://github.com/ in store
2025-11-10T20:53:34.026Z - info: [ui] Executing clone: git -c init.defaultBranch=main clone --recursive --progress -- https://github.com/nathanmiller14/obsidian.git /home/nathan/git/obsidian (took 1.600s)
2025-11-10T20:53:34.047Z - info: [ui] [AppStore] adding repository at /home/nathan/git/obsidian to store
2025-11-10T20:53:34.503Z - info: [ui] [BranchPruner] No branches to prune.
