2025-11-10 20:06:47 Loading main app package /nix/store/hiq5fxvbzqp5k1q0jljv00c88xja61w2-obsidian-1.9.14/share/obsidian/obsidian.asar
2025-11-10 20:06:47 Checking for update using Github
2025-11-10 20:06:47 Success.
2025-11-10 20:06:47 Latest version is 1.9.14
2025-11-10 20:06:47 App is up to date.
2025-11-10 20:59:46 Loading main app package /nix/store/hiq5fxvbzqp5k1q0jljv00c88xja61w2-obsidian-1.9.14/share/obsidian/obsidian.asar
2025-11-10 20:59:46 Checking for update using Github
2025-11-10 20:59:46 Success.
2025-11-10 20:59:46 Latest version is 1.9.14
2025-11-10 20:59:46 App is up to date.
2025-11-10 21:59:46 Checking for update using Github
2025-11-10 21:59:46 Success.
2025-11-10 21:59:46 Latest version is 1.9.14
2025-11-10 21:59:46 App is up to date.
2025-11-10 23:07:24 Loading main app package /nix/store/hiq5fxvbzqp5k1q0jljv00c88xja61w2-obsidian-1.9.14/share/obsidian/obsidian.asar
2025-11-10 23:07:24 Checking for update using Github
2025-11-10 23:07:24 Success.
2025-11-10 23:07:24 Latest version is 1.9.14
2025-11-10 23:07:24 App is up to date.
2025-11-11 00:07:24 Checking for update using Github
2025-11-11 00:07:24 Success.
2025-11-11 00:07:24 Latest version is 1.9.14
2025-11-11 00:07:24 App is up to date.
2025-11-11 01:07:24 Checking for update using Github
2025-11-11 01:07:24 Success.
2025-11-11 01:07:24 Latest version is 1.9.14
2025-11-11 01:07:24 App is up to date.
2025-11-11 02:27:45 Loading main app package /nix/store/hiq5fxvbzqp5k1q0jljv00c88xja61w2-obsidian-1.9.14/share/obsidian/obsidian.asar
2025-11-11 02:27:45 Checking for update using Github
2025-11-11 02:27:46 Success.
2025-11-11 02:27:46 Latest version is 1.9.14
2025-11-11 02:27:46 App is up to date.
2025-11-11 14:40:58 Loading main app package /nix/store/hiq5fxvbzqp5k1q0jljv00c88xja61w2-obsidian-1.9.14/share/obsidian/obsidian.asar
2025-11-11 14:40:58 Checking for update using Github
2025-11-11 14:40:59 Success.
2025-11-11 14:40:59 Latest version is 1.9.14
2025-11-11 14:40:59 App is up to date.
2025-11-11 15:40:58 Checking for update using Github
2025-11-11 15:40:58 Success.
2025-11-11 15:40:58 Latest version is 1.9.14
2025-11-11 15:40:58 App is up to date.
2025-11-11 16:45:44 Loading main app package /nix/store/hiq5fxvbzqp5k1q0jljv00c88xja61w2-obsidian-1.9.14/share/obsidian/obsidian.asar
2025-11-11 16:45:44 Checking for update using Github
2025-11-11 16:45:45 Success.
2025-11-11 16:45:45 Latest version is 1.9.14
2025-11-11 16:45:45 App is up to date.
2025-11-11 17:45:44 Checking for update using Github
2025-11-11 17:45:44 Success.
2025-11-11 17:45:44 Latest version is 1.10.3
2025-11-11 17:45:44 Downloading update from https://github.com/obsidianmd/obsidian-releases/releases/download/v1.10.3/obsidian-1.10.3.asar.gz
2025-11-11 17:45:46 Verifying hash & signature. Size= 9053948
2025-11-11 17:45:46 Saving file
2025-11-11 17:45:47 Update complete.
2025-11-11 18:45:44 Checking for update using Github
2025-11-11 18:45:44 Success.
2025-11-11 18:45:44 Latest version is 1.10.3
2025-11-11 18:45:44 An update is already downloaded.
2025-11-11 19:22:24 Loading updated app package /home/nathan/.config/obsidian/obsidian-1.10.3.asar
2025-11-11 19:22:24 Checking for update using Github
2025-11-11 19:22:24 Success.
2025-11-11 19:22:24 Latest version is 1.10.3
2025-11-11 19:22:24 App is up to date.
2025-11-11 20:22:24 Checking for update using Github
2025-11-11 20:22:24 Success.
2025-11-11 20:22:24 Latest version is 1.10.3
2025-11-11 20:22:24 App is up to date.
2025-11-11 20:31:27 Loading updated app package /home/nathan/.config/obsidian/obsidian-1.10.3.asar
2025-11-11 20:31:27 Checking for update using Github
2025-11-11 20:31:27 Success.
2025-11-11 20:31:27 Latest version is 1.10.3
2025-11-11 20:31:27 App is up to date.
